<?xml version="1.0" encoding="UTF-8"?>
<!-- Generated by org.testng.reporters.JUnitReportReporter -->
<testsuite hostname="DESKTOP-JHTUCE9" failures="0" tests="1" name="tests.SanityTest" time="0.021" errors="0" timestamp="2025-09-18T15:54:31 IST" skipped="0">
  <testcase classname="tests.SanityTest" name="testOne" time="0.021"/>
</testsuite> <!-- tests.SanityTest -->
