<?xml version="1.0" encoding="UTF-8"?>
<!-- Generated by org.testng.reporters.JUnitReportReporter -->
<testsuite hostname="DESKTOP-JHTUCE9" failures="0" tests="3" name="tests.SearchTest" time="19.148" errors="0" timestamp="2025-09-20T22:24:05 IST" skipped="0">
  <testcase classname="tests.SearchTest" name="testSearchProduct" time="5.003"/>
  <testcase classname="tests.SearchTest" name="testSearchProduct" time="9.671"/>
  <testcase classname="tests.SearchTest" name="testSearchProduct" time="4.474"/>
</testsuite> <!-- tests.SearchTest -->
