<?xml version="1.0" encoding="UTF-8"?>
<!-- Generated by org.testng.reporters.JUnitReportReporter -->
<testsuite hostname="DESKTOP-JHTUCE9" failures="0" tests="1" name="ansuman.OpenGmail" time="8.785" errors="0" timestamp="2025-09-03T12:11:54 IST" skipped="0">
  <testcase classname="ansuman.OpenGmail" name="openURL" time="8.785"/>
</testsuite> <!-- ansuman.OpenGmail -->
