<?xml version="1.0" encoding="UTF-8"?>
<!-- Generated by org.testng.reporters.JUnitReportReporter -->
<testsuite hostname="DESKTOP-JHTUCE9" failures="0" tests="3" name="tests.SearchTest" time="12.210" errors="0" timestamp="2025-09-20T23:40:29 IST" skipped="0">
  <testcase classname="tests.SearchTest" name="testSearchProduct" time="3.080"/>
  <testcase classname="tests.SearchTest" name="testSearchProduct" time="3.407"/>
  <testcase classname="tests.SearchTest" name="testSearchProduct" time="5.723"/>
</testsuite> <!-- tests.SearchTest -->
